<?xml version="1.0" encoding="UTF-8"?>
<!-- Generated by org.testng.reporters.JUnitXMLReporter -->
<testsuite ignored="0" hostname="CDC2-L-138LY8D" failures="0" tests="4" name="Login test cases" time="89.571" errors="0" timestamp="2022-04-01T17:02:14 IST">
  <testcase classname="loginTestCases.BothCorrect" name="loginWithBothCorrect" time="22.352"/>
  <testcase classname="loginTestCases.BothIncorrect" name="loginWithBothInCorrect" time="14.842"/>
  <testcase classname="loginTestCases.CorrectPassword" name="loginWithCorrectPassword" time="24.541"/>
  <testcase classname="loginTestCases.CorrectUsername" name="loginWithCorrectUserName" time="27.76"/>
</testsuite> <!-- Login test cases -->
