<?xml version="1.0" encoding="UTF-8"?>
<!-- Generated by org.testng.reporters.JUnitXMLReporter -->
<testsuite ignored="0" hostname="CDC2-L-138LY8D" failures="0" tests="4" name="Default test" time="21.55" errors="0" timestamp="2022-08-10T13:18:14 IST">
  <testcase classname="ExcelReadingOperations.JxlReader" name="login" time="11.476"/>
  <testcase classname="ExcelReadingOperations.JxlReader" name="login" time="2.458"/>
  <testcase classname="ExcelReadingOperations.JxlReader" name="login" time="1.735"/>
  <testcase classname="ExcelReadingOperations.JxlReader" name="login" time="2.085"/>
</testsuite> <!-- Default test -->
